{"/home/jhonatan/driven/backend/sing-me-a-song_backend/src/setup.js": {"path":"/home/jhonatan/driven/backend/sing-me-a-song_backend/src/setup.js","statementMap":{"0":{"start":{"line":4,"column":16},"end":{"line":4,"column":70}},"1":{"start":{"line":6,"column":0},"end":{"line":8,"column":3}}},"fnMap":{},"branchMap":{"0":{"loc":{"start":{"line":4,"column":16},"end":{"line":4,"column":70}},"type":"cond-expr","locations":[{"start":{"line":4,"column":50},"end":{"line":4,"column":61}},{"start":{"line":4,"column":64},"end":{"line":4,"column":70}}],"line":4}},"s":{"0":1,"1":1},"f":{},"b":{"0":[1,0]},"_coverageSchema":"1a1c01bbd47fc00a2c39e90264f33305004495a9","hash":"9406d088a72346fc05de9703e910856e66eb7e84"}
,"/home/jhonatan/driven/backend/sing-me-a-song_backend/src/database/database.js": {"path":"/home/jhonatan/driven/backend/sing-me-a-song_backend/src/database/database.js","statementMap":{"0":{"start":{"line":4,"column":17},"end":{"line":4,"column":19}},"1":{"start":{"line":6,"column":19},"end":{"line":9,"column":2}}},"fnMap":{},"branchMap":{},"s":{"0":1,"1":1},"f":{},"b":{},"_coverageSchema":"1a1c01bbd47fc00a2c39e90264f33305004495a9","hash":"0418ba4d8dcb2d42850a32b462e67f08973e2790"}
,"/home/jhonatan/driven/backend/sing-me-a-song_backend/src/middlewares/checkYoutubeURL.js": {"path":"/home/jhonatan/driven/backend/sing-me-a-song_backend/src/middlewares/checkYoutubeURL.js","statementMap":{"0":{"start":{"line":3,"column":4},"end":{"line":3,"column":122}},"1":{"start":{"line":4,"column":2},"end":{"line":4,"column":42}}},"fnMap":{"0":{"name":"validadeYoutubeUrl","decl":{"start":{"line":1,"column":24},"end":{"line":1,"column":42}},"loc":{"start":{"line":1,"column":48},"end":{"line":5,"column":1}},"line":1}},"branchMap":{"0":{"loc":{"start":{"line":4,"column":9},"end":{"line":4,"column":41}},"type":"cond-expr","locations":[{"start":{"line":4,"column":24},"end":{"line":4,"column":33}},{"start":{"line":4,"column":36},"end":{"line":4,"column":41}}],"line":4}},"s":{"0":3,"1":3},"f":{"0":3},"b":{"0":[2,1]},"_coverageSchema":"1a1c01bbd47fc00a2c39e90264f33305004495a9","hash":"3c5f838cecdf41d677212365dc093591ea722b6a"}
,"/home/jhonatan/driven/backend/sing-me-a-song_backend/src/repository/recomRepository.js": {"path":"/home/jhonatan/driven/backend/sing-me-a-song_backend/src/repository/recomRepository.js","statementMap":{"0":{"start":{"line":4,"column":17},"end":{"line":7,"column":3}},"1":{"start":{"line":8,"column":2},"end":{"line":8,"column":21}},"2":{"start":{"line":12,"column":16},"end":{"line":12,"column":95}},"3":{"start":{"line":13,"column":17},"end":{"line":16,"column":4}},"4":{"start":{"line":17,"column":2},"end":{"line":17,"column":21}}},"fnMap":{"0":{"name":"newRecommendation","decl":{"start":{"line":3,"column":15},"end":{"line":3,"column":32}},"loc":{"start":{"line":3,"column":52},"end":{"line":9,"column":1}},"line":3},"1":{"name":"upVote","decl":{"start":{"line":11,"column":15},"end":{"line":11,"column":21}},"loc":{"start":{"line":11,"column":26},"end":{"line":18,"column":1}},"line":11}},"branchMap":{},"s":{"0":0,"1":0,"2":0,"3":0,"4":0},"f":{"0":0,"1":0},"b":{},"_coverageSchema":"1a1c01bbd47fc00a2c39e90264f33305004495a9","hash":"5a89807ac805377173028a76ece5f4746b8b3887"}
,"/home/jhonatan/driven/backend/sing-me-a-song_backend/src/services/recomService.js": {"path":"/home/jhonatan/driven/backend/sing-me-a-song_backend/src/services/recomService.js","statementMap":{"0":{"start":{"line":5,"column":2},"end":{"line":7,"column":3}},"1":{"start":{"line":6,"column":4},"end":{"line":6,"column":34}},"2":{"start":{"line":8,"column":2},"end":{"line":10,"column":3}},"3":{"start":{"line":9,"column":4},"end":{"line":9,"column":26}},"4":{"start":{"line":11,"column":17},"end":{"line":11,"column":75}},"5":{"start":{"line":13,"column":2},"end":{"line":13,"column":45}},"6":{"start":{"line":17,"column":17},"end":{"line":17,"column":49}},"7":{"start":{"line":18,"column":2},"end":{"line":18,"column":45}}},"fnMap":{"0":{"name":"newRecommendation","decl":{"start":{"line":4,"column":15},"end":{"line":4,"column":32}},"loc":{"start":{"line":4,"column":52},"end":{"line":14,"column":1}},"line":4},"1":{"name":"upVote","decl":{"start":{"line":16,"column":15},"end":{"line":16,"column":21}},"loc":{"start":{"line":16,"column":26},"end":{"line":19,"column":1}},"line":16}},"branchMap":{"0":{"loc":{"start":{"line":5,"column":2},"end":{"line":7,"column":3}},"type":"if","locations":[{"start":{"line":5,"column":2},"end":{"line":7,"column":3}},{"start":{},"end":{}}],"line":5},"1":{"loc":{"start":{"line":8,"column":2},"end":{"line":10,"column":3}},"type":"if","locations":[{"start":{"line":8,"column":2},"end":{"line":10,"column":3}},{"start":{},"end":{}}],"line":8},"2":{"loc":{"start":{"line":13,"column":9},"end":{"line":13,"column":44}},"type":"cond-expr","locations":[{"start":{"line":13,"column":31},"end":{"line":13,"column":35}},{"start":{"line":13,"column":38},"end":{"line":13,"column":44}}],"line":13},"3":{"loc":{"start":{"line":18,"column":9},"end":{"line":18,"column":44}},"type":"cond-expr","locations":[{"start":{"line":18,"column":31},"end":{"line":18,"column":35}},{"start":{"line":18,"column":38},"end":{"line":18,"column":44}}],"line":18}},"s":{"0":4,"1":1,"2":3,"3":1,"4":2,"5":2,"6":2,"7":2},"f":{"0":4,"1":2},"b":{"0":[1,3],"1":[1,2],"2":[1,1],"3":[1,1]},"_coverageSchema":"1a1c01bbd47fc00a2c39e90264f33305004495a9","hash":"7d46b79c1f2111ff1b8e0541f557fda50df39078"}
}
