{"/home/jhonatan/driven/backend/sing-me-a-song_backend/src/setup.js": {"path":"/home/jhonatan/driven/backend/sing-me-a-song_backend/src/setup.js","statementMap":{"0":{"start":{"line":4,"column":16},"end":{"line":4,"column":70}},"1":{"start":{"line":6,"column":0},"end":{"line":8,"column":3}}},"fnMap":{},"branchMap":{"0":{"loc":{"start":{"line":4,"column":16},"end":{"line":4,"column":70}},"type":"cond-expr","locations":[{"start":{"line":4,"column":50},"end":{"line":4,"column":61}},{"start":{"line":4,"column":64},"end":{"line":4,"column":70}}],"line":4}},"s":{"0":1,"1":1},"f":{},"b":{"0":[1,0]},"_coverageSchema":"1a1c01bbd47fc00a2c39e90264f33305004495a9","hash":"9406d088a72346fc05de9703e910856e66eb7e84"}
,"/home/jhonatan/driven/backend/sing-me-a-song_backend/src/database/database.js": {"path":"/home/jhonatan/driven/backend/sing-me-a-song_backend/src/database/database.js","statementMap":{"0":{"start":{"line":4,"column":17},"end":{"line":4,"column":19}},"1":{"start":{"line":6,"column":19},"end":{"line":9,"column":2}}},"fnMap":{},"branchMap":{},"s":{"0":1,"1":1},"f":{},"b":{},"_coverageSchema":"1a1c01bbd47fc00a2c39e90264f33305004495a9","hash":"0418ba4d8dcb2d42850a32b462e67f08973e2790"}
,"/home/jhonatan/driven/backend/sing-me-a-song_backend/src/middlewares/checkYoutubeURL.js": {"path":"/home/jhonatan/driven/backend/sing-me-a-song_backend/src/middlewares/checkYoutubeURL.js","statementMap":{"0":{"start":{"line":3,"column":4},"end":{"line":3,"column":122}},"1":{"start":{"line":4,"column":2},"end":{"line":4,"column":42}}},"fnMap":{"0":{"name":"validadeYoutubeUrl","decl":{"start":{"line":1,"column":24},"end":{"line":1,"column":42}},"loc":{"start":{"line":1,"column":48},"end":{"line":5,"column":1}},"line":1}},"branchMap":{"0":{"loc":{"start":{"line":4,"column":9},"end":{"line":4,"column":41}},"type":"cond-expr","locations":[{"start":{"line":4,"column":24},"end":{"line":4,"column":33}},{"start":{"line":4,"column":36},"end":{"line":4,"column":41}}],"line":4}},"s":{"0":3,"1":3},"f":{"0":3},"b":{"0":[2,1]},"_coverageSchema":"1a1c01bbd47fc00a2c39e90264f33305004495a9","hash":"3c5f838cecdf41d677212365dc093591ea722b6a"}
,"/home/jhonatan/driven/backend/sing-me-a-song_backend/src/repository/recomRepository.js": {"path":"/home/jhonatan/driven/backend/sing-me-a-song_backend/src/repository/recomRepository.js","statementMap":{"0":{"start":{"line":4,"column":17},"end":{"line":7,"column":3}},"1":{"start":{"line":8,"column":2},"end":{"line":8,"column":21}},"2":{"start":{"line":12,"column":16},"end":{"line":12,"column":95}},"3":{"start":{"line":13,"column":17},"end":{"line":16,"column":4}},"4":{"start":{"line":17,"column":2},"end":{"line":17,"column":21}},"5":{"start":{"line":21,"column":16},"end":{"line":21,"column":95}},"6":{"start":{"line":22,"column":2},"end":{"line":22,"column":23}},"7":{"start":{"line":26,"column":2},"end":{"line":26,"column":75}},"8":{"start":{"line":30,"column":16},"end":{"line":30,"column":95}},"9":{"start":{"line":31,"column":17},"end":{"line":34,"column":4}},"10":{"start":{"line":35,"column":2},"end":{"line":35,"column":21}},"11":{"start":{"line":39,"column":17},"end":{"line":39,"column":73}},"12":{"start":{"line":40,"column":2},"end":{"line":40,"column":21}},"13":{"start":{"line":44,"column":17},"end":{"line":44,"column":90}},"14":{"start":{"line":45,"column":2},"end":{"line":45,"column":21}},"15":{"start":{"line":49,"column":17},"end":{"line":51,"column":3}},"16":{"start":{"line":52,"column":2},"end":{"line":52,"column":21}}},"fnMap":{"0":{"name":"newRecommendation","decl":{"start":{"line":3,"column":15},"end":{"line":3,"column":32}},"loc":{"start":{"line":3,"column":52},"end":{"line":9,"column":1}},"line":3},"1":{"name":"upVote","decl":{"start":{"line":11,"column":15},"end":{"line":11,"column":21}},"loc":{"start":{"line":11,"column":26},"end":{"line":18,"column":1}},"line":11},"2":{"name":"checkScore","decl":{"start":{"line":20,"column":15},"end":{"line":20,"column":25}},"loc":{"start":{"line":20,"column":30},"end":{"line":23,"column":1}},"line":20},"3":{"name":"deleteRecom","decl":{"start":{"line":25,"column":15},"end":{"line":25,"column":26}},"loc":{"start":{"line":25,"column":31},"end":{"line":27,"column":1}},"line":25},"4":{"name":"downVote","decl":{"start":{"line":29,"column":15},"end":{"line":29,"column":23}},"loc":{"start":{"line":29,"column":28},"end":{"line":36,"column":1}},"line":29},"5":{"name":"getAllRecom","decl":{"start":{"line":38,"column":15},"end":{"line":38,"column":26}},"loc":{"start":{"line":38,"column":29},"end":{"line":41,"column":1}},"line":38},"6":{"name":"greater","decl":{"start":{"line":43,"column":15},"end":{"line":43,"column":22}},"loc":{"start":{"line":43,"column":25},"end":{"line":46,"column":1}},"line":43},"7":{"name":"lower","decl":{"start":{"line":48,"column":15},"end":{"line":48,"column":20}},"loc":{"start":{"line":48,"column":23},"end":{"line":53,"column":1}},"line":48}},"branchMap":{},"s":{"0":0,"1":0,"2":0,"3":0,"4":0,"5":0,"6":0,"7":0,"8":0,"9":0,"10":0,"11":0,"12":0,"13":1,"14":1,"15":1,"16":1},"f":{"0":0,"1":0,"2":0,"3":0,"4":0,"5":0,"6":1,"7":1},"b":{},"_coverageSchema":"1a1c01bbd47fc00a2c39e90264f33305004495a9","hash":"a3569495b45d156894ce848b60e29afa4a5902e2"}
,"/home/jhonatan/driven/backend/sing-me-a-song_backend/src/services/recomService.js": {"path":"/home/jhonatan/driven/backend/sing-me-a-song_backend/src/services/recomService.js","statementMap":{"0":{"start":{"line":5,"column":2},"end":{"line":7,"column":3}},"1":{"start":{"line":6,"column":4},"end":{"line":6,"column":34}},"2":{"start":{"line":8,"column":2},"end":{"line":10,"column":3}},"3":{"start":{"line":9,"column":4},"end":{"line":9,"column":26}},"4":{"start":{"line":11,"column":17},"end":{"line":11,"column":75}},"5":{"start":{"line":13,"column":2},"end":{"line":13,"column":45}},"6":{"start":{"line":17,"column":17},"end":{"line":17,"column":49}},"7":{"start":{"line":18,"column":2},"end":{"line":18,"column":45}},"8":{"start":{"line":22,"column":16},"end":{"line":22,"column":52}},"9":{"start":{"line":24,"column":2},"end":{"line":27,"column":3}},"10":{"start":{"line":25,"column":4},"end":{"line":25,"column":42}},"11":{"start":{"line":26,"column":4},"end":{"line":26,"column":32}},"12":{"start":{"line":29,"column":17},"end":{"line":29,"column":51}},"13":{"start":{"line":30,"column":2},"end":{"line":30,"column":45}},"14":{"start":{"line":35,"column":19},"end":{"line":35,"column":54}},"15":{"start":{"line":37,"column":2},"end":{"line":39,"column":3}},"16":{"start":{"line":38,"column":4},"end":{"line":38,"column":45}},"17":{"start":{"line":41,"column":23},"end":{"line":41,"column":66}},"18":{"start":{"line":41,"column":49},"end":{"line":41,"column":65}},"19":{"start":{"line":42,"column":25},"end":{"line":42,"column":67}},"20":{"start":{"line":42,"column":51},"end":{"line":42,"column":66}},"21":{"start":{"line":44,"column":2},"end":{"line":48,"column":3}},"22":{"start":{"line":45,"column":4},"end":{"line":45,"column":22}},"23":{"start":{"line":46,"column":9},"end":{"line":48,"column":3}},"24":{"start":{"line":47,"column":4},"end":{"line":47,"column":22}},"25":{"start":{"line":50,"column":17},"end":{"line":50,"column":63}},"26":{"start":{"line":52,"column":17},"end":{"line":52,"column":95}},"27":{"start":{"line":54,"column":22},"end":{"line":54,"column":63}},"28":{"start":{"line":55,"column":17},"end":{"line":55,"column":36}},"29":{"start":{"line":57,"column":2},"end":{"line":57,"column":28}}},"fnMap":{"0":{"name":"newRecommendation","decl":{"start":{"line":4,"column":15},"end":{"line":4,"column":32}},"loc":{"start":{"line":4,"column":52},"end":{"line":14,"column":1}},"line":4},"1":{"name":"upVote","decl":{"start":{"line":16,"column":15},"end":{"line":16,"column":21}},"loc":{"start":{"line":16,"column":26},"end":{"line":19,"column":1}},"line":16},"2":{"name":"downVote","decl":{"start":{"line":21,"column":15},"end":{"line":21,"column":23}},"loc":{"start":{"line":21,"column":28},"end":{"line":31,"column":1}},"line":21},"3":{"name":"random","decl":{"start":{"line":33,"column":15},"end":{"line":33,"column":21}},"loc":{"start":{"line":33,"column":42},"end":{"line":58,"column":1}},"line":33},"4":{"name":"(anonymous_4)","decl":{"start":{"line":41,"column":39},"end":{"line":41,"column":40}},"loc":{"start":{"line":41,"column":49},"end":{"line":41,"column":65}},"line":41},"5":{"name":"(anonymous_5)","decl":{"start":{"line":42,"column":41},"end":{"line":42,"column":42}},"loc":{"start":{"line":42,"column":51},"end":{"line":42,"column":66}},"line":42}},"branchMap":{"0":{"loc":{"start":{"line":5,"column":2},"end":{"line":7,"column":3}},"type":"if","locations":[{"start":{"line":5,"column":2},"end":{"line":7,"column":3}},{"start":{},"end":{}}],"line":5},"1":{"loc":{"start":{"line":8,"column":2},"end":{"line":10,"column":3}},"type":"if","locations":[{"start":{"line":8,"column":2},"end":{"line":10,"column":3}},{"start":{},"end":{}}],"line":8},"2":{"loc":{"start":{"line":13,"column":9},"end":{"line":13,"column":44}},"type":"cond-expr","locations":[{"start":{"line":13,"column":31},"end":{"line":13,"column":35}},{"start":{"line":13,"column":38},"end":{"line":13,"column":44}}],"line":13},"3":{"loc":{"start":{"line":18,"column":9},"end":{"line":18,"column":44}},"type":"cond-expr","locations":[{"start":{"line":18,"column":31},"end":{"line":18,"column":35}},{"start":{"line":18,"column":38},"end":{"line":18,"column":44}}],"line":18},"4":{"loc":{"start":{"line":24,"column":2},"end":{"line":27,"column":3}},"type":"if","locations":[{"start":{"line":24,"column":2},"end":{"line":27,"column":3}},{"start":{},"end":{}}],"line":24},"5":{"loc":{"start":{"line":30,"column":9},"end":{"line":30,"column":44}},"type":"cond-expr","locations":[{"start":{"line":30,"column":31},"end":{"line":30,"column":35}},{"start":{"line":30,"column":38},"end":{"line":30,"column":44}}],"line":30},"6":{"loc":{"start":{"line":33,"column":22},"end":{"line":33,"column":40}},"type":"default-arg","locations":[{"start":{"line":33,"column":36},"end":{"line":33,"column":40}}],"line":33},"7":{"loc":{"start":{"line":37,"column":2},"end":{"line":39,"column":3}},"type":"if","locations":[{"start":{"line":37,"column":2},"end":{"line":39,"column":3}},{"start":{},"end":{}}],"line":37},"8":{"loc":{"start":{"line":44,"column":2},"end":{"line":48,"column":3}},"type":"if","locations":[{"start":{"line":44,"column":2},"end":{"line":48,"column":3}},{"start":{"line":46,"column":9},"end":{"line":48,"column":3}}],"line":44},"9":{"loc":{"start":{"line":46,"column":9},"end":{"line":48,"column":3}},"type":"if","locations":[{"start":{"line":46,"column":9},"end":{"line":48,"column":3}},{"start":{},"end":{}}],"line":46},"10":{"loc":{"start":{"line":50,"column":17},"end":{"line":50,"column":63}},"type":"binary-expr","locations":[{"start":{"line":50,"column":17},"end":{"line":50,"column":28}},{"start":{"line":50,"column":32},"end":{"line":50,"column":63}}],"line":50},"11":{"loc":{"start":{"line":52,"column":17},"end":{"line":52,"column":95}},"type":"cond-expr","locations":[{"start":{"line":52,"column":32},"end":{"line":52,"column":61}},{"start":{"line":52,"column":64},"end":{"line":52,"column":95}}],"line":52}},"s":{"0":4,"1":1,"2":3,"3":1,"4":2,"5":2,"6":2,"7":2,"8":3,"9":3,"10":1,"11":1,"12":2,"13":2,"14":5,"15":5,"16":1,"17":4,"18":6,"19":4,"20":6,"21":4,"22":1,"23":3,"24":1,"25":4,"26":4,"27":4,"28":4,"29":4},"f":{"0":4,"1":2,"2":3,"3":5,"4":6,"5":6},"b":{"0":[1,3],"1":[1,2],"2":[1,1],"3":[1,1],"4":[1,2],"5":[1,1],"6":[3],"7":[1,4],"8":[1,3],"9":[1,2],"10":[4,0],"11":[2,2]},"_coverageSchema":"1a1c01bbd47fc00a2c39e90264f33305004495a9","hash":"98f3c5c1e683747deaf21cf3b251479e5af7e6f4"}
}
