TN:
SF:src/setup.js
FNF:0
FNH:0
DA:4,1
DA:6,1
LF:2
LH:2
BRDA:4,0,0,1
BRDA:4,0,1,0
BRF:2
BRH:1
end_of_record
TN:
SF:src/database/database.js
FNF:0
FNH:0
DA:4,1
DA:6,1
LF:2
LH:2
BRF:0
BRH:0
end_of_record
TN:
SF:src/middlewares/checkYoutubeURL.js
FN:1,validadeYoutubeUrl
FNF:1
FNH:1
FNDA:3,validadeYoutubeUrl
DA:3,3
DA:4,3
LF:2
LH:2
BRDA:4,0,0,2
BRDA:4,0,1,1
BRF:2
BRH:2
end_of_record
TN:
SF:src/repository/recomRepository.js
FN:3,newRecommendation
FN:11,upVote
FNF:2
FNH:0
FNDA:0,newRecommendation
FNDA:0,upVote
DA:4,0
DA:8,0
DA:12,0
DA:13,0
DA:17,0
LF:5
LH:0
BRF:0
BRH:0
end_of_record
TN:
SF:src/services/recomService.js
FN:4,newRecommendation
FN:16,upVote
FNF:2
FNH:2
FNDA:4,newRecommendation
FNDA:2,upVote
DA:5,4
DA:6,1
DA:8,3
DA:9,1
DA:11,2
DA:13,2
DA:17,2
DA:18,2
LF:8
LH:8
BRDA:5,0,0,1
BRDA:5,0,1,3
BRDA:8,1,0,1
BRDA:8,1,1,2
BRDA:13,2,0,1
BRDA:13,2,1,1
BRDA:18,3,0,1
BRDA:18,3,1,1
BRF:8
BRH:8
end_of_record
