TN:
SF:src/setup.js
FNF:0
FNH:0
DA:4,1
DA:6,1
LF:2
LH:2
BRDA:4,0,0,1
BRDA:4,0,1,0
BRF:2
BRH:1
end_of_record
TN:
SF:src/database/database.js
FNF:0
FNH:0
DA:4,1
DA:6,1
LF:2
LH:2
BRF:0
BRH:0
end_of_record
TN:
SF:src/middlewares/checkYoutubeURL.js
FN:1,validadeYoutubeUrl
FNF:1
FNH:1
FNDA:3,validadeYoutubeUrl
DA:3,3
DA:4,3
LF:2
LH:2
BRDA:4,0,0,2
BRDA:4,0,1,1
BRF:2
BRH:2
end_of_record
TN:
SF:src/repository/recomRepository.js
FN:3,newRecommendation
FN:11,upVote
FN:20,checkScore
FN:25,deleteRecom
FN:29,downVote
FN:38,getAllRecom
FN:43,greater
FN:48,lower
FNF:8
FNH:2
FNDA:0,newRecommendation
FNDA:0,upVote
FNDA:0,checkScore
FNDA:0,deleteRecom
FNDA:0,downVote
FNDA:0,getAllRecom
FNDA:1,greater
FNDA:1,lower
DA:4,0
DA:8,0
DA:12,0
DA:13,0
DA:17,0
DA:21,0
DA:22,0
DA:26,0
DA:30,0
DA:31,0
DA:35,0
DA:39,0
DA:40,0
DA:44,1
DA:45,1
DA:49,1
DA:52,1
LF:17
LH:4
BRF:0
BRH:0
end_of_record
TN:
SF:src/services/recomService.js
FN:4,newRecommendation
FN:16,upVote
FN:21,downVote
FN:33,random
FN:41,(anonymous_4)
FN:42,(anonymous_5)
FNF:6
FNH:6
FNDA:4,newRecommendation
FNDA:2,upVote
FNDA:3,downVote
FNDA:5,random
FNDA:6,(anonymous_4)
FNDA:6,(anonymous_5)
DA:5,4
DA:6,1
DA:8,3
DA:9,1
DA:11,2
DA:13,2
DA:17,2
DA:18,2
DA:22,3
DA:24,3
DA:25,1
DA:26,1
DA:29,2
DA:30,2
DA:35,5
DA:37,5
DA:38,1
DA:41,6
DA:42,6
DA:44,4
DA:45,1
DA:46,3
DA:47,1
DA:50,4
DA:52,4
DA:54,4
DA:55,4
DA:57,4
LF:28
LH:28
BRDA:5,0,0,1
BRDA:5,0,1,3
BRDA:8,1,0,1
BRDA:8,1,1,2
BRDA:13,2,0,1
BRDA:13,2,1,1
BRDA:18,3,0,1
BRDA:18,3,1,1
BRDA:24,4,0,1
BRDA:24,4,1,2
BRDA:30,5,0,1
BRDA:30,5,1,1
BRDA:33,6,0,3
BRDA:37,7,0,1
BRDA:37,7,1,4
BRDA:44,8,0,1
BRDA:44,8,1,3
BRDA:46,9,0,1
BRDA:46,9,1,2
BRDA:50,10,0,4
BRDA:50,10,1,0
BRDA:52,11,0,2
BRDA:52,11,1,2
BRF:23
BRH:22
end_of_record
